[18:13:57.603][info] [#0:/home/willk1202/.config/nvim/lua-language-server/main.lua:49]: Lua Lsp startup, root: 	/home/willk1202/.config/nvim/lua-language-server
[18:13:57.603][debug][#0:/home/willk1202/.config/nvim/lua-language-server/main.lua:50]: ROOT:	/home/willk1202/.config/nvim/lua-language-server
[18:13:57.603][debug][#0:/home/willk1202/.config/nvim/lua-language-server/main.lua:51]: LOGPATH:	/home/willk1202/.config/nvim/lua-language-server/log
[18:13:57.603][debug][#0:/home/willk1202/.config/nvim/lua-language-server/main.lua:52]: METAPATH:	/home/willk1202/.config/nvim/lua-language-server/meta
[18:13:57.603][debug][#0:/home/willk1202/.config/nvim/lua-language-server/main.lua:53]: VERSION:	2.5.6
[18:13:57.645][info] [#0:script/service/telemetry.lua:21]: Telemetry Token:	4C8274F1FFDA3EDA
[18:13:57.648][info] [#0:script/service/telemetry.lua:21]: Telemetry Token:	4C8274F1FFDA3EDA
[18:13:57.650][info] [#0:script/pub/pub.lua:48]: Create brave:	1
[18:13:57.650][info] [#0:script/pub/pub.lua:48]: Create brave:	2
[18:13:57.650][info] [#0:script/pub/pub.lua:48]: Create brave:	3
[18:13:57.651][info] [#0:script/pub/pub.lua:48]: Create brave:	4
[18:13:57.652][debug][#0:script/service/service.lua:138]: 
========= Medical Examination Report =========
    --------------- Memory ---------------
        Total: 1.331 MB
        # 00 : 1.331 MB
        # 01 : 0.000 MB
        # 02 : 0.000 MB
        # 03 : 0.000 MB
        # 04 : 0.000 MB
    --------------- Coroutine ---------------
        Total:     0
        Running:   0
        Suspended: 0
        Normal:    0
        Dead:      0
    --------------- Cache ---------------
        Total: 1
        Dead:  0
    --------------- Proto ---------------
        Holdon:   0
        Waiting:  0
==============================================
[18:13:57.653][info] [#0:script/pub/pub.lua:48]: Create brave:	1
[18:13:57.653][info] [#0:script/pub/pub.lua:48]: Create brave:	2
[18:13:57.653][info] [#0:script/pub/pub.lua:48]: Create brave:	3
[18:13:57.654][info] [#0:script/pub/pub.lua:48]: Create brave:	4
[18:13:57.654][debug][#0:script/service/service.lua:138]: 
========= Medical Examination Report =========
    --------------- Memory ---------------
        Total: 1.331 MB
        # 00 : 1.331 MB
        # 01 : 0.000 MB
        # 02 : 0.000 MB
        # 03 : 0.000 MB
        # 04 : 0.000 MB
    --------------- Coroutine ---------------
        Total:     0
        Running:   0
        Suspended: 0
        Normal:    0
        Dead:      0
    --------------- Cache ---------------
        Total: 1
        Dead:  0
    --------------- Proto ---------------
        Holdon:   0
        Waiting:  0
==============================================
[18:13:57.712][debug][#0:script/client.lua:344]: Client init	{
    capabilities = {
        callHierarchy = {
            dynamicRegistration = false,
        },
        textDocument = {
            codeAction = {
                codeActionLiteralSupport = {
                    codeActionKind = {
                        valueSet = {
                            [01] = "",
                            [02] = "Empty",
                            [03] = "QuickFix",
                            [04] = "Refactor",
                            [05] = "RefactorExtract",
                            [06] = "RefactorInline",
                            [07] = "RefactorRewrite",
                            [08] = "Source",
                            [09] = "SourceOrganizeImports",
                            [10] = "quickfix",
                            [11] = "refactor",
                            [12] = "refactor.extract",
                            [13] = "refactor.inline",
                            [14] = "refactor.rewrite",
                            [15] = "source",
                            [16] = "source.organizeImports",
                        },
                    },
                },
                dataSupport = true,
                dynamicRegistration = false,
                resolveSupport = {
                    properties = {
                        [1] = "edit",
                    },
                },
            },
            completion = {
                completionItem = {
                    commitCharactersSupport = false,
                    deprecatedSupport = false,
                    documentationFormat = {
                        [1] = "markdown",
                        [2] = "plaintext",
                    },
                    preselectSupport = false,
                    snippetSupport = false,
                },
                completionItemKind = {
                    valueSet = {
                        [01] = 1,
                        [02] = 2,
                        [03] = 3,
                        [04] = 4,
                        [05] = 5,
                        [06] = 6,
                        [07] = 7,
                        [08] = 8,
                        [09] = 9,
                        [10] = 10,
                        [11] = 11,
                        [12] = 12,
                        [13] = 13,
                        [14] = 14,
                        [15] = 15,
                        [16] = 16,
                        [17] = 17,
                        [18] = 18,
                        [19] = 19,
                        [20] = 20,
                        [21] = 21,
                        [22] = 22,
                        [23] = 23,
                        [24] = 24,
                        [25] = 25,
                    },
                },
                contextSupport = false,
                dynamicRegistration = false,
            },
            declaration = {
                linkSupport = true,
            },
            definition = {
                linkSupport = true,
            },
            documentHighlight = {
                dynamicRegistration = false,
            },
            documentSymbol = {
                dynamicRegistration = false,
                hierarchicalDocumentSymbolSupport = true,
                symbolKind = {
                    valueSet = {
                        [01] = 1,
                        [02] = 2,
                        [03] = 3,
                        [04] = 4,
                        [05] = 5,
                        [06] = 6,
                        [07] = 7,
                        [08] = 8,
                        [09] = 9,
                        [10] = 10,
                        [11] = 11,
                        [12] = 12,
                        [13] = 13,
                        [14] = 14,
                        [15] = 15,
                        [16] = 16,
                        [17] = 17,
                        [18] = 18,
                        [19] = 19,
                        [20] = 20,
                        [21] = 21,
                        [22] = 22,
                        [23] = 23,
                        [24] = 24,
                        [25] = 25,
                        [26] = 26,
                    },
                },
            },
            hover = {
                contentFormat = {
                    [1] = "markdown",
                    [2] = "plaintext",
                },
                dynamicRegistration = false,
            },
            implementation = {
                linkSupport = true,
            },
            publishDiagnostics = {
                relatedInformation = true,
                tagSupport = {
                    valueSet = {
                        [1] = 1,
                        [2] = 2,
                    },
                },
            },
            references = {
                dynamicRegistration = false,
            },
            rename = {
                dynamicRegistration = false,
                prepareSupport = true,
            },
            signatureHelp = {
                dynamicRegistration = false,
                signatureInformation = {
                    activeParameterSupport = true,
                    documentationFormat = {
                        [1] = "markdown",
                        [2] = "plaintext",
                    },
                    parameterInformation = {
                        labelOffsetSupport = true,
                    },
                },
            },
            synchronization = {
                didSave = true,
                dynamicRegistration = false,
                willSave = false,
                willSaveWaitUntil = false,
            },
            typeDefinition = {
                linkSupport = true,
            },
        },
        window = {
            showDocument = {
                support = false,
            },
            showMessage = {
                messageActionItem = {
                    additionalPropertiesSupport = false,
                },
            },
            workDoneProgress = true,
        },
        workspace = {
            applyEdit = true,
            configuration = true,
            symbol = {
                dynamicRegistration = false,
                hierarchicalWorkspaceSymbolSupport = true,
                symbolKind = {
                    valueSet = {
                        [01] = 1,
                        [02] = 2,
                        [03] = 3,
                        [04] = 4,
                        [05] = 5,
                        [06] = 6,
                        [07] = 7,
                        [08] = 8,
                        [09] = 9,
                        [10] = 10,
                        [11] = 11,
                        [12] = 12,
                        [13] = 13,
                        [14] = 14,
                        [15] = 15,
                        [16] = 16,
                        [17] = 17,
                        [18] = 18,
                        [19] = 19,
                        [20] = 20,
                        [21] = 21,
                        [22] = 22,
                        [23] = 23,
                        [24] = 24,
                        [25] = 25,
                        [26] = 26,
                    },
                },
            },
            workspaceEdit = {
                resourceOperations = {
                    [1] = "rename",
                    [2] = "create",
                    [3] = "delete",
                },
            },
            workspaceFolders = true,
        },
    },
    clientInfo = {
        name = "Neovim",
        version = "0.7.0",
    },
    initializationOptions = {
    },
    processId = 4532,
    trace = "off",
}
[18:13:57.712][info] [#0:script/language.lua:135]: VSC language: nil
[18:13:57.712][info] [#0:script/language.lua:136]: LS  language: en-us
[18:13:57.712][info] [#0:script/workspace/workspace.lua:34]: Workspace inited: 	nil
[18:13:57.715][debug][#0:script/client.lua:344]: Client init	{
    capabilities = {
        callHierarchy = {
            dynamicRegistration = false,
        },
        textDocument = {
            codeAction = {
                codeActionLiteralSupport = {
                    codeActionKind = {
                        valueSet = {
                            [01] = "",
                            [02] = "Empty",
                            [03] = "QuickFix",
                            [04] = "Refactor",
                            [05] = "RefactorExtract",
                            [06] = "RefactorInline",
                            [07] = "RefactorRewrite",
                            [08] = "Source",
                            [09] = "SourceOrganizeImports",
                            [10] = "quickfix",
                            [11] = "refactor",
                            [12] = "refactor.extract",
                            [13] = "refactor.inline",
                            [14] = "refactor.rewrite",
                            [15] = "source",
                            [16] = "source.organizeImports",
                        },
                    },
                },
                dataSupport = true,
                dynamicRegistration = false,
                resolveSupport = {
                    properties = {
                        [1] = "edit",
                    },
                },
            },
            completion = {
                completionItem = {
                    commitCharactersSupport = true,
                    deprecatedSupport = true,
                    documentationFormat = {
                        [1] = "markdown",
                        [2] = "plaintext",
                    },
                    insertReplaceSupport = true,
                    labelDetailsSupport = true,
                    preselectSupport = true,
                    resolveSupport = {
                        properties = {
                            [1] = "documentation",
                            [2] = "detail",
                            [3] = "additionalTextEdits",
                        },
                    },
                    snippetSupport = true,
                    tagSupport = {
                        valueSet = {
                            [1] = 1,
                        },
                    },
                },
                completionItemKind = {
                    valueSet = {
                        [01] = 1,
                        [02] = 2,
                        [03] = 3,
                        [04] = 4,
                        [05] = 5,
                        [06] = 6,
                        [07] = 7,
                        [08] = 8,
                        [09] = 9,
                        [10] = 10,
                        [11] = 11,
                        [12] = 12,
                        [13] = 13,
                        [14] = 14,
                        [15] = 15,
                        [16] = 16,
                        [17] = 17,
                        [18] = 18,
                        [19] = 19,
                        [20] = 20,
                        [21] = 21,
                        [22] = 22,
                        [23] = 23,
                        [24] = 24,
                        [25] = 25,
                    },
                },
                contextSupport = false,
                dynamicRegistration = false,
            },
            declaration = {
                linkSupport = true,
            },
            definition = {
                linkSupport = true,
            },
            documentHighlight = {
                dynamicRegistration = false,
            },
            documentSymbol = {
                dynamicRegistration = false,
                hierarchicalDocumentSymbolSupport = true,
                symbolKind = {
                    valueSet = {
                        [01] = 1,
                        [02] = 2,
                        [03] = 3,
                        [04] = 4,
                        [05] = 5,
                        [06] = 6,
                        [07] = 7,
                        [08] = 8,
                        [09] = 9,
                        [10] = 10,
                        [11] = 11,
                        [12] = 12,
                        [13] = 13,
                        [14] = 14,
                        [15] = 15,
                        [16] = 16,
                        [17] = 17,
                        [18] = 18,
                        [19] = 19,
                        [20] = 20,
                        [21] = 21,
                        [22] = 22,
                        [23] = 23,
                        [24] = 24,
                        [25] = 25,
                        [26] = 26,
                    },
                },
            },
            hover = {
                contentFormat = {
                    [1] = "markdown",
                    [2] = "plaintext",
                },
                dynamicRegistration = false,
            },
            implementation = {
                linkSupport = true,
            },
            publishDiagnostics = {
                relatedInformation = true,
                tagSupport = {
                    valueSet = {
                        [1] = 1,
                        [2] = 2,
                    },
                },
            },
            references = {
                dynamicRegistration = false,
            },
            rename = {
                dynamicRegistration = false,
                prepareSupport = true,
            },
            signatureHelp = {
                dynamicRegistration = false,
                signatureInformation = {
                    activeParameterSupport = true,
                    documentationFormat = {
                        [1] = "markdown",
                        [2] = "plaintext",
                    },
                    parameterInformation = {
                        labelOffsetSupport = true,
                    },
                },
            },
            synchronization = {
                didSave = true,
                dynamicRegistration = false,
                willSave = false,
                willSaveWaitUntil = false,
            },
            typeDefinition = {
                linkSupport = true,
            },
        },
        window = {
            showDocument = {
                support = false,
            },
            showMessage = {
                messageActionItem = {
                    additionalPropertiesSupport = false,
                },
            },
            workDoneProgress = true,
        },
        workspace = {
            applyEdit = true,
            configuration = true,
            symbol = {
                dynamicRegistration = false,
                hierarchicalWorkspaceSymbolSupport = true,
                symbolKind = {
                    valueSet = {
                        [01] = 1,
                        [02] = 2,
                        [03] = 3,
                        [04] = 4,
                        [05] = 5,
                        [06] = 6,
                        [07] = 7,
                        [08] = 8,
                        [09] = 9,
                        [10] = 10,
                        [11] = 11,
                        [12] = 12,
                        [13] = 13,
                        [14] = 14,
                        [15] = 15,
                        [16] = 16,
                        [17] = 17,
                        [18] = 18,
                        [19] = 19,
                        [20] = 20,
                        [21] = 21,
                        [22] = 22,
                        [23] = 23,
                        [24] = 24,
                        [25] = 25,
                        [26] = 26,
                    },
                },
            },
            workspaceEdit = {
                resourceOperations = {
                    [1] = "rename",
                    [2] = "create",
                    [3] = "delete",
                },
            },
            workspaceFolders = true,
        },
    },
    clientInfo = {
        name = "Neovim",
        version = "0.7.0",
    },
    initializationOptions = {
    },
    processId = 4532,
    trace = "off",
}
[18:13:57.715][info] [#0:script/language.lua:135]: VSC language: nil
[18:13:57.715][info] [#0:script/language.lua:136]: LS  language: en-us
[18:13:57.715][info] [#0:script/workspace/workspace.lua:34]: Workspace inited: 	nil
[18:13:57.718][debug][#0:script/provider/provider.lua:24]: load config from client
[18:13:57.718][debug][#0:script/provider/provider.lua:42]: loaded config dump:	{
    Lua = {
        IntelliSense = {
            traceBeSetted = false,
            traceFieldInject = false,
            traceLocalSet = false,
            traceReturn = false,
        },
        color = {
            mode = "Semantic",
        },
        completion = {
            autoRequire = true,
            callSnippet = "Disable",
            displayContext = 0,
            enable = true,
            keywordSnippet = "Replace",
            postfix = "@",
            requireSeparator = ".",
            showParams = true,
            showWord = "Fallback",
            workspaceWord = true,
        },
        diagnostics = {
            disable = {
            },
            enable = true,
            globals = {
                vim = true,
            },
            ignoredFiles = "Opened",
            libraryFiles = "Opened",
            neededFileStatus = {
                ["ambiguity-1"] = "Any",
                ["await-in-sync"] = "None",
                ["circle-doc-class"] = "Any",
                ["close-non-object"] = "Any",
                ["code-after-break"] = "Opened",
                ["count-down-loop"] = "Any",
                ["different-requires"] = "Any",
                ["discard-returns"] = "Opened",
                ["doc-field-no-class"] = "Any",
                ["duplicate-doc-class"] = "Any",
                ["duplicate-doc-field"] = "Any",
                ["duplicate-doc-param"] = "Any",
                ["duplicate-index"] = "Any",
                ["duplicate-set-field"] = "Any",
                ["empty-block"] = "Opened",
                ["global-in-nil-env"] = "Any",
                ["lowercase-global"] = "Any",
                ["newfield-call"] = "Any",
                ["newline-call"] = "Any",
                ["no-implicit-any"] = "None",
                ["not-yieldable"] = "None",
                ["redefined-local"] = "Opened",
                ["redundant-parameter"] = "Opened",
                ["redundant-return"] = "Opened",
                ["redundant-value"] = "Opened",
                ["trailing-space"] = "Opened",
                ["type-check"] = "None",
                ["unbalanced-assignments"] = "Any",
                ["undefined-doc-class"] = "Any",
                ["undefined-doc-name"] = "Any",
                ["undefined-doc-param"] = "Any",
                ["undefined-env-child"] = "Any",
                ["undefined-field"] = "Opened",
                ["undefined-global"] = "Any",
                ["unknown-diag-code"] = "Any",
                ["unused-function"] = "Opened",
                ["unused-label"] = "Opened",
                ["unused-local"] = "Opened",
                ["unused-vararg"] = "Opened",
                deprecated = "Opened",
            },
            severity = {
                ["ambiguity-1"] = "Warning",
                ["await-in-sync"] = "Warning",
                ["circle-doc-class"] = "Warning",
                ["close-non-object"] = "Warning",
                ["code-after-break"] = "Hint",
                ["count-down-loop"] = "Warning",
                ["different-requires"] = "Warning",
                ["discard-returns"] = "Warning",
                ["doc-field-no-class"] = "Warning",
                ["duplicate-doc-class"] = "Warning",
                ["duplicate-doc-field"] = "Warning",
                ["duplicate-doc-param"] = "Warning",
                ["duplicate-index"] = "Warning",
                ["duplicate-set-field"] = "Warning",
                ["empty-block"] = "Hint",
                ["global-in-nil-env"] = "Warning",
                ["lowercase-global"] = "Information",
                ["newfield-call"] = "Warning",
                ["newline-call"] = "Information",
                ["no-implicit-any"] = "Information",
                ["not-yieldable"] = "Warning",
                ["redefined-local"] = "Hint",
                ["redundant-parameter"] = "Warning",
                ["redundant-return"] = "Warning",
                ["redundant-value"] = "Warning",
                ["trailing-space"] = "Hint",
                ["type-check"] = "Warning",
                ["unbalanced-assignments"] = "Warning",
                ["undefined-doc-class"] = "Warning",
                ["undefined-doc-name"] = "Warning",
                ["undefined-doc-param"] = "Warning",
                ["undefined-env-child"] = "Information",
                ["undefined-field"] = "Warning",
                ["undefined-global"] = "Warning",
                ["unknown-diag-code"] = "Waiting",
                ["unused-function"] = "Hint",
                ["unused-label"] = "Hint",
                ["unused-local"] = "Hint",
                ["unused-vararg"] = "Hint",
                deprecated = "Warning",
            },
            workspaceDelay = 0,
            workspaceRate = 100,
        },
        hint = {
            await = true,
            enable = false,
            paramName = "All",
            paramType = true,
            setType = false,
        },
        hover = {
            enable = true,
            enumsLimit = 5,
            previewFields = 20,
            viewNumber = true,
            viewString = true,
            viewStringMax = 1000,
        },
        runtime = {
            builtin = {
            },
            fileEncoding = "utf8",
            meta = "${version} ${language} ${encoding}",
            nonstandardSymbol = {
            },
            path = {
                [1] = "?.lua",
                [2] = "?/init.lua",
            },
            pathStrict = false,
            plugin = "",
            special = {
            },
            unicodeName = false,
            version = "Lua 5.4",
        },
        signatureHelp = {
            enable = true,
        },
        telemetry = {
            enable = false,
        },
        window = {
            progressBar = true,
            statusBar = true,
        },
        workspace = {
            checkThirdParty = true,
            ignoreDir = {
            },
            ignoreSubmodules = true,
            library = {
            },
            maxPreload = 1000,
            preloadFileSize = 100,
            useGitIgnore = true,
            userThirdParty = {
            },
        },
    },
    editor = {
        acceptSuggestionOnEnter = "on",
        semanticHighlighting = {
            enabled = {
            },
        },
    },
    files = {
        associations = {
        },
        exclude = {
        },
    },
}
[18:13:57.719][debug][#0:script/provider/provider.lua:24]: load config from client
[18:13:57.720][debug][#0:script/provider/provider.lua:42]: loaded config dump:	{
    Lua = {
        IntelliSense = {
            traceBeSetted = false,
            traceFieldInject = false,
            traceLocalSet = false,
            traceReturn = false,
        },
        color = {
            mode = "Semantic",
        },
        completion = {
            autoRequire = true,
            callSnippet = "Disable",
            displayContext = 0,
            enable = true,
            keywordSnippet = "Replace",
            postfix = "@",
            requireSeparator = ".",
            showParams = true,
            showWord = "Fallback",
            workspaceWord = true,
        },
        diagnostics = {
            disable = {
            },
            enable = true,
            globals = {
            },
            ignoredFiles = "Opened",
            libraryFiles = "Opened",
            neededFileStatus = {
                ["ambiguity-1"] = "Any",
                ["await-in-sync"] = "None",
                ["circle-doc-class"] = "Any",
                ["close-non-object"] = "Any",
                ["code-after-break"] = "Opened",
                ["count-down-loop"] = "Any",
                ["different-requires"] = "Any",
                ["discard-returns"] = "Opened",
                ["doc-field-no-class"] = "Any",
                ["duplicate-doc-class"] = "Any",
                ["duplicate-doc-field"] = "Any",
                ["duplicate-doc-param"] = "Any",
                ["duplicate-index"] = "Any",
                ["duplicate-set-field"] = "Any",
                ["empty-block"] = "Opened",
                ["global-in-nil-env"] = "Any",
                ["lowercase-global"] = "Any",
                ["newfield-call"] = "Any",
                ["newline-call"] = "Any",
                ["no-implicit-any"] = "None",
                ["not-yieldable"] = "None",
                ["redefined-local"] = "Opened",
                ["redundant-parameter"] = "Opened",
                ["redundant-return"] = "Opened",
                ["redundant-value"] = "Opened",
                ["trailing-space"] = "Opened",
                ["type-check"] = "None",
                ["unbalanced-assignments"] = "Any",
                ["undefined-doc-class"] = "Any",
                ["undefined-doc-name"] = "Any",
                ["undefined-doc-param"] = "Any",
                ["undefined-env-child"] = "Any",
                ["undefined-field"] = "Opened",
                ["undefined-global"] = "Any",
                ["unknown-diag-code"] = "Any",
                ["unused-function"] = "Opened",
                ["unused-label"] = "Opened",
                ["unused-local"] = "Opened",
                ["unused-vararg"] = "Opened",
                deprecated = "Opened",
            },
            severity = {
                ["ambiguity-1"] = "Warning",
                ["await-in-sync"] = "Warning",
                ["circle-doc-class"] = "Warning",
                ["close-non-object"] = "Warning",
                ["code-after-break"] = "Hint",
                ["count-down-loop"] = "Warning",
                ["different-requires"] = "Warning",
                ["discard-returns"] = "Warning",
                ["doc-field-no-class"] = "Warning",
                ["duplicate-doc-class"] = "Warning",
                ["duplicate-doc-field"] = "Warning",
                ["duplicate-doc-param"] = "Warning",
                ["duplicate-index"] = "Warning",
                ["duplicate-set-field"] = "Warning",
                ["empty-block"] = "Hint",
                ["global-in-nil-env"] = "Warning",
                ["lowercase-global"] = "Information",
                ["newfield-call"] = "Warning",
                ["newline-call"] = "Information",
                ["no-implicit-any"] = "Information",
                ["not-yieldable"] = "Warning",
                ["redefined-local"] = "Hint",
                ["redundant-parameter"] = "Warning",
                ["redundant-return"] = "Warning",
                ["redundant-value"] = "Warning",
                ["trailing-space"] = "Hint",
                ["type-check"] = "Warning",
                ["unbalanced-assignments"] = "Warning",
                ["undefined-doc-class"] = "Warning",
                ["undefined-doc-name"] = "Warning",
                ["undefined-doc-param"] = "Warning",
                ["undefined-env-child"] = "Information",
                ["undefined-field"] = "Warning",
                ["undefined-global"] = "Warning",
                ["unknown-diag-code"] = "Waiting",
                ["unused-function"] = "Hint",
                ["unused-label"] = "Hint",
                ["unused-local"] = "Hint",
                ["unused-vararg"] = "Hint",
                deprecated = "Warning",
            },
            workspaceDelay = 0,
            workspaceRate = 100,
        },
        hint = {
            await = true,
            enable = false,
            paramName = "All",
            paramType = true,
            setType = false,
        },
        hover = {
            enable = true,
            enumsLimit = 5,
            previewFields = 20,
            viewNumber = true,
            viewString = true,
            viewStringMax = 1000,
        },
        runtime = {
            builtin = {
            },
            fileEncoding = "utf8",
            meta = "${version} ${language} ${encoding}",
            nonstandardSymbol = {
            },
            path = {
                [1] = "?.lua",
                [2] = "?/init.lua",
            },
            pathStrict = false,
            plugin = "",
            special = {
            },
            unicodeName = false,
            version = "Lua 5.4",
        },
        signatureHelp = {
            enable = true,
        },
        telemetry = {
            enable = false,
        },
        window = {
            progressBar = true,
            statusBar = true,
        },
        workspace = {
            checkThirdParty = true,
            ignoreDir = {
            },
            ignoreSubmodules = true,
            library = {
            },
            maxPreload = 1000,
            preloadFileSize = 100,
            useGitIgnore = true,
            userThirdParty = {
            },
        },
    },
    editor = {
        acceptSuggestionOnEnter = "on",
        semanticHighlighting = {
            enabled = {
            },
        },
    },
    files = {
        associations = {
        },
        exclude = {
        },
    },
}
[18:13:57.761][info] [#0:script/plugin.lua:88]: plugin path:	nil
[18:13:57.762][debug][#0:script/provider/provider.lua:24]: load config from client
[18:13:57.763][info] [#0:script/plugin.lua:88]: plugin path:	nil
[18:13:57.764][debug][#0:script/provider/provider.lua:24]: load config from client
[18:13:57.764][debug][#0:script/provider/provider.lua:42]: loaded config dump:	{
    Lua = {
        IntelliSense = {
            traceBeSetted = false,
            traceFieldInject = false,
            traceLocalSet = false,
            traceReturn = false,
        },
        color = {
            mode = "Semantic",
        },
        completion = {
            autoRequire = true,
            callSnippet = "Disable",
            displayContext = 0,
            enable = true,
            keywordSnippet = "Replace",
            postfix = "@",
            requireSeparator = ".",
            showParams = true,
            showWord = "Fallback",
            workspaceWord = true,
        },
        diagnostics = {
            disable = {
            },
            enable = true,
            globals = {
                vim = true,
            },
            ignoredFiles = "Opened",
            libraryFiles = "Opened",
            neededFileStatus = {
                ["ambiguity-1"] = "Any",
                ["await-in-sync"] = "None",
                ["circle-doc-class"] = "Any",
                ["close-non-object"] = "Any",
                ["code-after-break"] = "Opened",
                ["count-down-loop"] = "Any",
                ["different-requires"] = "Any",
                ["discard-returns"] = "Opened",
                ["doc-field-no-class"] = "Any",
                ["duplicate-doc-class"] = "Any",
                ["duplicate-doc-field"] = "Any",
                ["duplicate-doc-param"] = "Any",
                ["duplicate-index"] = "Any",
                ["duplicate-set-field"] = "Any",
                ["empty-block"] = "Opened",
                ["global-in-nil-env"] = "Any",
                ["lowercase-global"] = "Any",
                ["newfield-call"] = "Any",
                ["newline-call"] = "Any",
                ["no-implicit-any"] = "None",
                ["not-yieldable"] = "None",
                ["redefined-local"] = "Opened",
                ["redundant-parameter"] = "Opened",
                ["redundant-return"] = "Opened",
                ["redundant-value"] = "Opened",
                ["trailing-space"] = "Opened",
                ["type-check"] = "None",
                ["unbalanced-assignments"] = "Any",
                ["undefined-doc-class"] = "Any",
                ["undefined-doc-name"] = "Any",
                ["undefined-doc-param"] = "Any",
                ["undefined-env-child"] = "Any",
                ["undefined-field"] = "Opened",
                ["undefined-global"] = "Any",
                ["unknown-diag-code"] = "Any",
                ["unused-function"] = "Opened",
                ["unused-label"] = "Opened",
                ["unused-local"] = "Opened",
                ["unused-vararg"] = "Opened",
                deprecated = "Opened",
            },
            severity = {
                ["ambiguity-1"] = "Warning",
                ["await-in-sync"] = "Warning",
                ["circle-doc-class"] = "Warning",
                ["close-non-object"] = "Warning",
                ["code-after-break"] = "Hint",
                ["count-down-loop"] = "Warning",
                ["different-requires"] = "Warning",
                ["discard-returns"] = "Warning",
                ["doc-field-no-class"] = "Warning",
                ["duplicate-doc-class"] = "Warning",
                ["duplicate-doc-field"] = "Warning",
                ["duplicate-doc-param"] = "Warning",
                ["duplicate-index"] = "Warning",
                ["duplicate-set-field"] = "Warning",
                ["empty-block"] = "Hint",
                ["global-in-nil-env"] = "Warning",
                ["lowercase-global"] = "Information",
                ["newfield-call"] = "Warning",
                ["newline-call"] = "Information",
                ["no-implicit-any"] = "Information",
                ["not-yieldable"] = "Warning",
                ["redefined-local"] = "Hint",
                ["redundant-parameter"] = "Warning",
                ["redundant-return"] = "Warning",
                ["redundant-value"] = "Warning",
                ["trailing-space"] = "Hint",
                ["type-check"] = "Warning",
                ["unbalanced-assignments"] = "Warning",
                ["undefined-doc-class"] = "Warning",
                ["undefined-doc-name"] = "Warning",
                ["undefined-doc-param"] = "Warning",
                ["undefined-env-child"] = "Information",
                ["undefined-field"] = "Warning",
                ["undefined-global"] = "Warning",
                ["unknown-diag-code"] = "Waiting",
                ["unused-function"] = "Hint",
                ["unused-label"] = "Hint",
                ["unused-local"] = "Hint",
                ["unused-vararg"] = "Hint",
                deprecated = "Warning",
            },
            workspaceDelay = 0,
            workspaceRate = 100,
        },
        hint = {
            await = true,
            enable = false,
            paramName = "All",
            paramType = true,
            setType = false,
        },
        hover = {
            enable = true,
            enumsLimit = 5,
            previewFields = 20,
            viewNumber = true,
            viewString = true,
            viewStringMax = 1000,
        },
        runtime = {
            builtin = {
            },
            fileEncoding = "utf8",
            meta = "${version} ${language} ${encoding}",
            nonstandardSymbol = {
            },
            path = {
                [1] = "?.lua",
                [2] = "?/init.lua",
            },
            pathStrict = false,
            plugin = "",
            special = {
            },
            unicodeName = false,
            version = "Lua 5.4",
        },
        signatureHelp = {
            enable = true,
        },
        telemetry = {
            enable = false,
        },
        window = {
            progressBar = true,
            statusBar = true,
        },
        workspace = {
            checkThirdParty = true,
            ignoreDir = {
            },
            ignoreSubmodules = true,
            library = {
            },
            maxPreload = 1000,
            preloadFileSize = 100,
            useGitIgnore = true,
            userThirdParty = {
            },
        },
    },
    editor = {
        acceptSuggestionOnEnter = "on",
        semanticHighlighting = {
            enabled = {
            },
        },
    },
    files = {
        associations = {
        },
        exclude = {
        },
    },
}
[18:13:57.765][debug][#0:script/provider/provider.lua:42]: loaded config dump:	{
    Lua = {
        IntelliSense = {
            traceBeSetted = false,
            traceFieldInject = false,
            traceLocalSet = false,
            traceReturn = false,
        },
        color = {
            mode = "Semantic",
        },
        completion = {
            autoRequire = true,
            callSnippet = "Disable",
            displayContext = 0,
            enable = true,
            keywordSnippet = "Replace",
            postfix = "@",
            requireSeparator = ".",
            showParams = true,
            showWord = "Fallback",
            workspaceWord = true,
        },
        diagnostics = {
            disable = {
            },
            enable = true,
            globals = {
            },
            ignoredFiles = "Opened",
            libraryFiles = "Opened",
            neededFileStatus = {
                ["ambiguity-1"] = "Any",
                ["await-in-sync"] = "None",
                ["circle-doc-class"] = "Any",
                ["close-non-object"] = "Any",
                ["code-after-break"] = "Opened",
                ["count-down-loop"] = "Any",
                ["different-requires"] = "Any",
                ["discard-returns"] = "Opened",
                ["doc-field-no-class"] = "Any",
                ["duplicate-doc-class"] = "Any",
                ["duplicate-doc-field"] = "Any",
                ["duplicate-doc-param"] = "Any",
                ["duplicate-index"] = "Any",
                ["duplicate-set-field"] = "Any",
                ["empty-block"] = "Opened",
                ["global-in-nil-env"] = "Any",
                ["lowercase-global"] = "Any",
                ["newfield-call"] = "Any",
                ["newline-call"] = "Any",
                ["no-implicit-any"] = "None",
                ["not-yieldable"] = "None",
                ["redefined-local"] = "Opened",
                ["redundant-parameter"] = "Opened",
                ["redundant-return"] = "Opened",
                ["redundant-value"] = "Opened",
                ["trailing-space"] = "Opened",
                ["type-check"] = "None",
                ["unbalanced-assignments"] = "Any",
                ["undefined-doc-class"] = "Any",
                ["undefined-doc-name"] = "Any",
                ["undefined-doc-param"] = "Any",
                ["undefined-env-child"] = "Any",
                ["undefined-field"] = "Opened",
                ["undefined-global"] = "Any",
                ["unknown-diag-code"] = "Any",
                ["unused-function"] = "Opened",
                ["unused-label"] = "Opened",
                ["unused-local"] = "Opened",
                ["unused-vararg"] = "Opened",
                deprecated = "Opened",
            },
            severity = {
                ["ambiguity-1"] = "Warning",
                ["await-in-sync"] = "Warning",
                ["circle-doc-class"] = "Warning",
                ["close-non-object"] = "Warning",
                ["code-after-break"] = "Hint",
                ["count-down-loop"] = "Warning",
                ["different-requires"] = "Warning",
                ["discard-returns"] = "Warning",
                ["doc-field-no-class"] = "Warning",
                ["duplicate-doc-class"] = "Warning",
                ["duplicate-doc-field"] = "Warning",
                ["duplicate-doc-param"] = "Warning",
                ["duplicate-index"] = "Warning",
                ["duplicate-set-field"] = "Warning",
                ["empty-block"] = "Hint",
                ["global-in-nil-env"] = "Warning",
                ["lowercase-global"] = "Information",
                ["newfield-call"] = "Warning",
                ["newline-call"] = "Information",
                ["no-implicit-any"] = "Information",
                ["not-yieldable"] = "Warning",
                ["redefined-local"] = "Hint",
                ["redundant-parameter"] = "Warning",
                ["redundant-return"] = "Warning",
                ["redundant-value"] = "Warning",
                ["trailing-space"] = "Hint",
                ["type-check"] = "Warning",
                ["unbalanced-assignments"] = "Warning",
                ["undefined-doc-class"] = "Warning",
                ["undefined-doc-name"] = "Warning",
                ["undefined-doc-param"] = "Warning",
                ["undefined-env-child"] = "Information",
                ["undefined-field"] = "Warning",
                ["undefined-global"] = "Warning",
                ["unknown-diag-code"] = "Waiting",
                ["unused-function"] = "Hint",
                ["unused-label"] = "Hint",
                ["unused-local"] = "Hint",
                ["unused-vararg"] = "Hint",
                deprecated = "Warning",
            },
            workspaceDelay = 0,
            workspaceRate = 100,
        },
        hint = {
            await = true,
            enable = false,
            paramName = "All",
            paramType = true,
            setType = false,
        },
        hover = {
            enable = true,
            enumsLimit = 5,
            previewFields = 20,
            viewNumber = true,
            viewString = true,
            viewStringMax = 1000,
        },
        runtime = {
            builtin = {
            },
            fileEncoding = "utf8",
            meta = "${version} ${language} ${encoding}",
            nonstandardSymbol = {
            },
            path = {
                [1] = "?.lua",
                [2] = "?/init.lua",
            },
            pathStrict = false,
            plugin = "",
            special = {
            },
            unicodeName = false,
            version = "Lua 5.4",
        },
        signatureHelp = {
            enable = true,
        },
        telemetry = {
            enable = false,
        },
        window = {
            progressBar = true,
            statusBar = true,
        },
        workspace = {
            checkThirdParty = true,
            ignoreDir = {
            },
            ignoreSubmodules = true,
            library = {
            },
            maxPreload = 1000,
            preloadFileSize = 100,
            useGitIgnore = true,
            userThirdParty = {
            },
        },
    },
    editor = {
        acceptSuggestionOnEnter = "on",
        semanticHighlighting = {
            enabled = {
            },
        },
    },
    files = {
        associations = {
        },
        exclude = {
        },
    },
}
[18:13:58.712][info] [#0:script/workspace/workspace.lua:335]: Preload start.
[18:13:58.712][debug][#0:script/workspace/workspace.lua:168]: getLibraryMatchers	/home/willk1202/.config/nvim/lua-language-server/meta/Lua 5.4 en-us utf8	/home/willk1202/.config/nvim/lua-language-server/meta/Lua 5.4 en-us utf8
[18:13:58.712][info] [#0:script/workspace/workspace.lua:345]: Scan library at:	/home/willk1202/.config/nvim/lua-language-server/meta/Lua 5.4 en-us utf8
[18:13:58.714][info] [#0:script/workspace/workspace.lua:335]: Preload start.
[18:13:58.714][debug][#0:script/workspace/workspace.lua:168]: getLibraryMatchers	/home/willk1202/.config/nvim/lua-language-server/meta/Lua 5.4 en-us utf8	/home/willk1202/.config/nvim/lua-language-server/meta/Lua 5.4 en-us utf8
[18:13:58.714][info] [#0:script/workspace/workspace.lua:345]: Scan library at:	/home/willk1202/.config/nvim/lua-language-server/meta/Lua 5.4 en-us utf8
[18:13:58.717][info] [#0:script/workspace/workspace.lua:369]: Found 11 files.
[18:13:58.717][info] [#0:script/workspace/workspace.lua:247]: Preload file at: file:///home/willk1202/.config/nvim/lua-language-server/meta/Lua%205.4%20en-us%20utf8/debug.lua , size = 7.516 KB
[18:13:58.717][info] [#0:script/workspace/workspace.lua:249]: ++++As library of:	/home/willk1202/.config/nvim/lua-language-server/meta/Lua 5.4 en-us utf8
[18:13:58.722][info] [#0:script/workspace/workspace.lua:369]: Found 11 files.
[18:13:58.722][info] [#0:script/workspace/workspace.lua:247]: Preload file at: file:///home/willk1202/.config/nvim/lua-language-server/meta/Lua%205.4%20en-us%20utf8/debug.lua , size = 7.516 KB
[18:13:58.722][info] [#0:script/workspace/workspace.lua:249]: ++++As library of:	/home/willk1202/.config/nvim/lua-language-server/meta/Lua 5.4 en-us utf8
[18:13:58.725][info] [#0:script/workspace/workspace.lua:372]: Loaded 1/11 files
[18:13:58.725][info] [#0:script/workspace/workspace.lua:247]: Preload file at: file:///home/willk1202/.config/nvim/lua-language-server/meta/Lua%205.4%20en-us%20utf8/os.lua , size = 4.299 KB
[18:13:58.725][info] [#0:script/workspace/workspace.lua:249]: ++++As library of:	/home/willk1202/.config/nvim/lua-language-server/meta/Lua 5.4 en-us utf8
[18:13:58.729][info] [#0:script/workspace/workspace.lua:247]: Preload file at: file:///home/willk1202/.config/nvim/lua-language-server/meta/Lua%205.4%20en-us%20utf8/basic.lua , size = 13.954 KB
[18:13:58.729][info] [#0:script/workspace/workspace.lua:249]: ++++As library of:	/home/willk1202/.config/nvim/lua-language-server/meta/Lua 5.4 en-us utf8
[18:13:58.730][info] [#0:script/workspace/workspace.lua:372]: Loaded 1/11 files
[18:13:58.730][info] [#0:script/workspace/workspace.lua:247]: Preload file at: file:///home/willk1202/.config/nvim/lua-language-server/meta/Lua%205.4%20en-us%20utf8/os.lua , size = 4.299 KB
[18:13:58.730][info] [#0:script/workspace/workspace.lua:249]: ++++As library of:	/home/willk1202/.config/nvim/lua-language-server/meta/Lua 5.4 en-us utf8
[18:13:58.736][info] [#0:script/provider/provider.lua:119]: Server shutdown.
[18:13:58.737][info] [#0:script/provider/provider.lua:119]: Server shutdown.
[18:13:58.737][info] [#0:script/provider/provider.lua:119]: Server shutdown.
[18:13:58.737][info] [#0:script/provider/provider.lua:119]: Server shutdown.
[18:13:58.736][info] [#0:script/provider/provider.lua:119]: Server shutdown.
[18:13:58.738][info] [#0:script/provider/provider.lua:119]: Server shutdown.
[18:13:58.738][info] [#0:script/provider/provider.lua:119]: Server shutdown.
[18:13:58.739][info] [#0:script/workspace/workspace.lua:247]: Preload file at: file:///home/willk1202/.config/nvim/lua-language-server/meta/Lua%205.4%20en-us%20utf8/basic.lua , size = 13.954 KB
[18:13:58.739][info] [#0:script/provider/provider.lua:119]: Server shutdown.
[18:13:58.738][info] [#0:script/provider/provider.lua:119]: Server shutdown.
[18:13:58.738][info] [#0:script/provider/provider.lua:119]: Server shutdown.
[18:13:58.739][info] [#0:script/provider/provider.lua:119]: Server shutdown.
[18:13:58.740][info] [#0:script/workspace/workspace.lua:249]: ++++As library of:	/home/willk1202/.config/nvim/lua-language-server/meta/Lua 5.4 en-us utf8
[18:13:58.741][info] [#0:script/provider/provider.lua:119]: Server shutdown.
[18:13:58.741][info] [#0:script/provider/provider.lua:119]: Server shutdown.
[18:13:58.741][info] [#0:script/provider/provider.lua:119]: Server shutdown.
[18:13:58.741][info] [#0:script/provider/provider.lua:119]: Server shutdown.
[18:13:58.742][info] [#0:script/provider/provider.lua:119]: Server shutdown.
[18:13:58.742][info] [#0:script/provider/provider.lua:119]: Server shutdown.
[18:13:58.743][info] [#0:script/provider/provider.lua:119]: Server shutdown.
[18:13:58.742][info] [#0:script/provider/provider.lua:119]: Server shutdown.
[18:13:58.743][info] [#0:script/provider/provider.lua:119]: Server shutdown.
[18:13:58.744][info] [#0:script/provider/provider.lua:119]: Server shutdown.
[18:13:58.744][info] [#0:script/provider/provider.lua:119]: Server shutdown.
[18:13:58.744][info] [#0:script/provider/provider.lua:119]: Server shutdown.
[18:13:58.744][info] [#0:script/provider/provider.lua:119]: Server shutdown.
[18:13:58.744][info] [#0:script/provider/provider.lua:119]: Server shutdown.
[18:13:58.745][info] [#0:script/provider/provider.lua:119]: Server shutdown.
[18:13:58.744][info] [#0:script/provider/provider.lua:119]: Server shutdown.
[18:13:58.750][info] [#0:script/provider/provider.lua:119]: Server shutdown.
[18:13:58.750][info] [#0:script/workspace/workspace.lua:247]: Preload file at: file:///home/willk1202/.config/nvim/lua-language-server/meta/Lua%205.4%20en-us%20utf8/io.lua , size = 6.375 KB
[18:13:58.750][info] [#0:script/workspace/workspace.lua:249]: ++++As library of:	/home/willk1202/.config/nvim/lua-language-server/meta/Lua 5.4 en-us utf8
[18:13:58.754][info] [#0:script/provider/provider.lua:112]: Server exited.
[18:13:58.754][info] [#0:script/provider/provider.lua:112]: Server exited.
[18:13:58.753][info] [#0:script/provider/provider.lua:112]: Server exited.
[18:13:58.754][info] [#0:script/provider/provider.lua:112]: Server exited.
[18:13:58.754][info] [#0:script/provider/provider.lua:112]: Server exited.
[18:13:58.754][info] [#0:script/provider/provider.lua:112]: Server exited.
[18:13:58.755][info] [#0:script/provider/provider.lua:112]: Server exited.
[18:13:58.755][info] [#0:script/provider/provider.lua:112]: Server exited.
[18:13:58.756][info] [#0:script/provider/provider.lua:112]: Server exited.
[18:13:58.759][info] [#0:script/provider/provider.lua:112]: Server exited.
[18:13:58.760][info] [#0:script/provider/provider.lua:112]: Server exited.
[18:13:58.761][info] [#0:script/provider/provider.lua:112]: Server exited.
[18:13:58.761][info] [#0:script/provider/provider.lua:112]: Server exited.
[18:13:58.761][info] [#0:script/provider/provider.lua:119]: Server shutdown.
[18:13:58.761][info] [#0:script/provider/provider.lua:112]: Server exited.
[18:13:58.761][info] [#0:script/provider/provider.lua:112]: Server exited.
[18:13:58.762][info] [#0:script/provider/provider.lua:112]: Server exited.
[18:13:58.762][info] [#0:script/workspace/workspace.lua:247]: Preload file at: file:///home/willk1202/.config/nvim/lua-language-server/meta/Lua%205.4%20en-us%20utf8/io.lua , size = 6.375 KB
[18:13:58.762][info] [#0:script/workspace/workspace.lua:249]: ++++As library of:	/home/willk1202/.config/nvim/lua-language-server/meta/Lua 5.4 en-us utf8
[18:13:58.764][info] [#0:script/provider/provider.lua:112]: Server exited.
[18:13:58.764][info] [#0:script/provider/provider.lua:112]: Server exited.
[18:13:58.765][info] [#0:script/provider/provider.lua:112]: Server exited.
[18:13:58.765][info] [#0:script/provider/provider.lua:112]: Server exited.
[18:13:58.765][info] [#0:script/provider/provider.lua:112]: Server exited.
[18:13:58.765][info] [#0:script/provider/provider.lua:112]: Server exited.
[18:13:58.766][info] [#0:script/provider/provider.lua:112]: Server exited.
[18:13:58.766][info] [#0:script/provider/provider.lua:112]: Server exited.
[18:13:58.767][info] [#0:script/provider/provider.lua:112]: Server exited.
[18:13:58.767][info] [#0:script/provider/provider.lua:112]: Server exited.
[18:13:58.768][info] [#0:script/provider/provider.lua:112]: Server exited.
[18:13:58.771][info] [#0:script/provider/provider.lua:112]: Server exited.
[18:13:58.775][info] [#0:script/workspace/workspace.lua:247]: Preload file at: file:///home/willk1202/.config/nvim/lua-language-server/meta/Lua%205.4%20en-us%20utf8/utf8.lua , size = 2.352 KB
[18:13:58.775][info] [#0:script/workspace/workspace.lua:249]: ++++As library of:	/home/willk1202/.config/nvim/lua-language-server/meta/Lua 5.4 en-us utf8
[18:13:58.779][info] [#0:script/workspace/workspace.lua:247]: Preload file at: file:///home/willk1202/.config/nvim/lua-language-server/meta/Lua%205.4%20en-us%20utf8/table.lua , size = 2.767 KB
[18:13:58.779][info] [#0:script/workspace/workspace.lua:249]: ++++As library of:	/home/willk1202/.config/nvim/lua-language-server/meta/Lua 5.4 en-us utf8
[18:13:58.781][info] [#0:script/provider/provider.lua:112]: Server exited.
